{"numFailedTestSuites":4,"numFailedTests":5,"numPassedTestSuites":5,"numPassedTests":12,"numPendingTestSuites":0,"numPendingTests":0,"numRuntimeErrorTestSuites":0,"numTodoTests":0,"numTotalTestSuites":9,"numTotalTests":17,"openHandles":[],"snapshot":{"added":0,"didUpdate":false,"failure":false,"filesAdded":0,"filesRemoved":0,"filesRemovedList":[],"filesUnmatched":0,"filesUpdated":0,"matched":0,"total":0,"unchecked":0,"uncheckedKeysByFile":[],"unmatched":0,"updated":0},"startTime":1760986912357,"success":false,"testResults":[{"assertionResults":[{"ancestorTitles":["AuthContext - mock mode auth flows"],"failureMessages":[],"fullName":"AuthContext - mock mode auth flows login sets user and persists to localStorage","location":null,"status":"passed","title":"login sets user and persists to localStorage"},{"ancestorTitles":["AuthContext - mock mode auth flows"],"failureMessages":[],"fullName":"AuthContext - mock mode auth flows logout clears user and localStorage","location":null,"status":"passed","title":"logout clears user and localStorage"},{"ancestorTitles":["AuthContext - mock mode auth flows"],"failureMessages":[],"fullName":"AuthContext - mock mode auth flows initial state restores user from localStorage if present","location":null,"status":"passed","title":"initial state restores user from localStorage if present"}],"endTime":1760986914126,"message":"","name":"/home/kavia/workspace/code-generation/smart-gym-management--fitness-tracker-21010-21052/WebFrontend/src/__tests__/auth.context.test.js","startTime":1760986913263,"status":"passed","summary":""},{"assertionResults":[{"ancestorTitles":[],"failureMessages":[],"fullName":"mock login sets user","location":null,"status":"passed","title":"mock login sets user"}],"endTime":1760986914145,"message":"","name":"/home/kavia/workspace/code-generation/smart-gym-management--fitness-tracker-21010-21052/WebFrontend/src/__tests__/auth.test.js","startTime":1760986913264,"status":"passed","summary":""},{"assertionResults":[{"ancestorTitles":["Workouts page - mock API submission and refresh"],"failureMessages":[],"fullName":"Workouts page - mock API submission and refresh initial list loads and adding a workout updates the list","location":null,"status":"passed","title":"initial list loads and adding a workout updates the list"}],"endTime":1760986914253,"message":"","name":"/home/kavia/workspace/code-generation/smart-gym-management--fitness-tracker-21010-21052/WebFrontend/src/__tests__/workouts.integration.test.js","startTime":1760986913232,"status":"passed","summary":""},{"assertionResults":[{"ancestorTitles":[],"failureMessages":[],"fullName":"renders workouts list and allows adding","location":null,"status":"passed","title":"renders workouts list and allows adding"}],"endTime":1760986914258,"message":"","name":"/home/kavia/workspace/code-generation/smart-gym-management--fitness-tracker-21010-21052/WebFrontend/src/__tests__/workouts.test.js","startTime":1760986913274,"status":"passed","summary":""},{"assertionResults":[{"ancestorTitles":[],"failureMessages":[],"fullName":"renders home on root","location":null,"status":"passed","title":"renders home on root"},{"ancestorTitles":[],"failureMessages":[],"fullName":"protected route redirects to login when unauthenticated","location":null,"status":"passed","title":"protected route redirects to login when unauthenticated"}],"endTime":1760986914424,"message":"","name":"/home/kavia/workspace/code-generation/smart-gym-management--fitness-tracker-21010-21052/WebFrontend/src/__tests__/routes.test.js","startTime":1760986913256,"status":"passed","summary":""},{"assertionResults":[{"ancestorTitles":["Feature flags - AI recommendations"],"failureMessages":["Error: Unable to find an element by: [data-testid=\"dashboard-heading\"]\n\nIgnored nodes: comments, script, style\n\u001b[36m<body>\u001b[39m\n  \u001b[36m<div>\u001b[39m\n    \u001b[36m<main\u001b[39m\n      \u001b[33mdata-testid\u001b[39m=\u001b[32m\"page-main\"\u001b[39m\n      \u001b[33mrole\u001b[39m=\u001b[32m\"main\"\u001b[39m\n      \u001b[33mstyle\u001b[39m=\u001b[32m\"padding: 24px;\"\u001b[39m\n    \u001b[36m>\u001b[39m\n      \u001b[36m<h2\u001b[39m\n        \u001b[33mdata-testid\u001b[39m=\u001b[32m\"login-heading\"\u001b[39m\n      \u001b[36m>\u001b[39m\n        \u001b[0mLogin\u001b[0m\n      \u001b[36m</h2>\u001b[39m\n      \u001b[36m<form\u001b[39m\n        \u001b[33mstyle\u001b[39m=\u001b[32m\"display: grid; gap: 12px; max-width: 360px;\"\u001b[39m\n      \u001b[36m>\u001b[39m\n        \u001b[36m<label>\u001b[39m\n          \u001b[0mEmail\u001b[0m\n          \u001b[36m<input\u001b[39m\n            \u001b[33mrequired\u001b[39m=\u001b[32m\"\"\u001b[39m\n            \u001b[33mvalue\u001b[39m=\u001b[32m\"user@example.com\"\u001b[39m\n          \u001b[36m/>\u001b[39m\n        \u001b[36m</label>\u001b[39m\n        \u001b[36m<label>\u001b[39m\n          \u001b[0mPassword\u001b[0m\n          \u001b[36m<input\u001b[39m\n            \u001b[33mrequired\u001b[39m=\u001b[32m\"\"\u001b[39m\n            \u001b[33mtype\u001b[39m=\u001b[32m\"password\"\u001b[39m\n            \u001b[33mvalue\u001b[39m=\u001b[32m\"password\"\u001b[39m\n          \u001b[36m/>\u001b[39m\n        \u001b[36m</label>\u001b[39m\n        \u001b[36m<label>\u001b[39m\n          \u001b[0mRole\u001b[0m\n          \u001b[36m<select>\u001b[39m\n            \u001b[36m<option\u001b[39m\n              \u001b[33mvalue\u001b[39m=\u001b[32m\"member\"\u001b[39m\n            \u001b[36m>\u001b[39m\n              \u001b[0mMember\u001b[0m\n            \u001b[36m</option>\u001b[39m\n            \u001b[36m<option\u001b[39m\n              \u001b[33mvalue\u001b[39m=\u001b[32m\"trainer\"\u001b[39m\n            \u001b[36m>\u001b[39m\n              \u001b[0mTrainer\u001b[0m\n            \u001b[36m</option>\u001b[39m\n          \u001b[36m</select>\u001b[39m\n        \u001b[36m</label>\u001b[39m\n        \u001b[36m<button\u001b[39m\n          \u001b[33mdata-testid\u001b[39m=\u001b[32m\"login-submit\"\u001b[39m\n          \u001b[33mtype\u001b[39m=\u001b[32m\"submit\"\u001b[39m\n        \u001b[36m>\u001b[39m\n          \u001b[0mLogin\u001b[0m\n        \u001b[36m</button>\u001b[39m\n      \u001b[36m</form>\u001b[39m\n      \u001b[36m<p\u001b[39m\n        \u001b[33mstyle\u001b[39m=\u001b[32m\"margin-top: 12px;\"\u001b[39m\n      \u001b[36m>\u001b[39m\n        \u001b[0mNo account? \u001b[0m\n        \u001b[36m<a\u001b[39m\n          \u001b[33mhref\u001b[39m=\u001b[32m\"/register\"\u001b[39m\n        \u001b[36m>\u001b[39m\n          \u001b[0mRegister\u001b[0m\n        \u001b[36m</a>\u001b[39m\n      \u001b[36m</p>\u001b[39m\n    \u001b[36m</main>\u001b[39m\n  \u001b[36m</div>\u001b[39m\n\u001b[36m</body>\u001b[39m\n    at waitForWrapper (/home/kavia/workspace/code-generation/smart-gym-management--fitness-tracker-21010-21052/WebFrontend/node_modules/@testing-library/dom/dist/wait-for.js:163:27)\n    at findByTestId (/home/kavia/workspace/code-generation/smart-gym-management--fitness-tracker-21010-21052/WebFrontend/node_modules/@testing-library/dom/dist/query-helpers.js:86:33)\n    at Object.<anonymous> (/home/kavia/workspace/code-generation/smart-gym-management--fitness-tracker-21010-21052/WebFrontend/src/__tests__/feature_flags.test.js:38:34)\n    at Promise.then.completed (/home/kavia/workspace/code-generation/smart-gym-management--fitness-tracker-21010-21052/WebFrontend/node_modules/jest-circus/build/utils.js:391:28)\n    at new Promise (<anonymous>)\n    at callAsyncCircusFn (/home/kavia/workspace/code-generation/smart-gym-management--fitness-tracker-21010-21052/WebFrontend/node_modules/jest-circus/build/utils.js:316:10)\n    at _callCircusTest (/home/kavia/workspace/code-generation/smart-gym-management--fitness-tracker-21010-21052/WebFrontend/node_modules/jest-circus/build/run.js:218:40)\n    at processTicksAndRejections (node:internal/process/task_queues:95:5)\n    at _runTest (/home/kavia/workspace/code-generation/smart-gym-management--fitness-tracker-21010-21052/WebFrontend/node_modules/jest-circus/build/run.js:155:3)\n    at _runTestsForDescribeBlock (/home/kavia/workspace/code-generation/smart-gym-management--fitness-tracker-21010-21052/WebFrontend/node_modules/jest-circus/build/run.js:66:9)\n    at _runTestsForDescribeBlock (/home/kavia/workspace/code-generation/smart-gym-management--fitness-tracker-21010-21052/WebFrontend/node_modules/jest-circus/build/run.js:60:9)\n    at run (/home/kavia/workspace/code-generation/smart-gym-management--fitness-tracker-21010-21052/WebFrontend/node_modules/jest-circus/build/run.js:25:3)\n    at runAndTransformResultsToJestFormat (/home/kavia/workspace/code-generation/smart-gym-management--fitness-tracker-21010-21052/WebFrontend/node_modules/jest-circus/build/legacy-code-todo-rewrite/jestAdapterInit.js:170:21)\n    at jestAdapter (/home/kavia/workspace/code-generation/smart-gym-management--fitness-tracker-21010-21052/WebFrontend/node_modules/jest-circus/build/legacy-code-todo-rewrite/jestAdapter.js:82:19)\n    at runTestInternal (/home/kavia/workspace/code-generation/smart-gym-management--fitness-tracker-21010-21052/WebFrontend/node_modules/jest-runner/build/runTest.js:389:16)\n    at runTest (/home/kavia/workspace/code-generation/smart-gym-management--fitness-tracker-21010-21052/WebFrontend/node_modules/jest-runner/build/runTest.js:475:34)\n    at Object.worker (/home/kavia/workspace/code-generation/smart-gym-management--fitness-tracker-21010-21052/WebFrontend/node_modules/jest-runner/build/testWorker.js:133:12)"],"fullName":"Feature flags - AI recommendations AI recommendations shown when REACT_APP_FEATURE_AI_RECS=true","location":null,"status":"failed","title":"AI recommendations shown when REACT_APP_FEATURE_AI_RECS=true"},{"ancestorTitles":["Feature flags - AI recommendations"],"failureMessages":[],"fullName":"Feature flags - AI recommendations AI recommendations hidden when REACT_APP_FEATURE_AI_RECS=false","location":null,"status":"passed","title":"AI recommendations hidden when REACT_APP_FEATURE_AI_RECS=false"}],"endTime":1760986915390,"message":"  ● Feature flags - AI recommendations › AI recommendations shown when REACT_APP_FEATURE_AI_RECS=true\n\n    Unable to find an element by: [data-testid=\"dashboard-heading\"]\n\n    Ignored nodes: comments, script, style\n    \u001b[36m<body>\u001b[39m\n      \u001b[36m<div>\u001b[39m\n        \u001b[36m<main\u001b[39m\n          \u001b[33mdata-testid\u001b[39m=\u001b[32m\"page-main\"\u001b[39m\n          \u001b[33mrole\u001b[39m=\u001b[32m\"main\"\u001b[39m\n          \u001b[33mstyle\u001b[39m=\u001b[32m\"padding: 24px;\"\u001b[39m\n        \u001b[36m>\u001b[39m\n          \u001b[36m<h2\u001b[39m\n            \u001b[33mdata-testid\u001b[39m=\u001b[32m\"login-heading\"\u001b[39m\n          \u001b[36m>\u001b[39m\n            \u001b[0mLogin\u001b[0m\n          \u001b[36m</h2>\u001b[39m\n          \u001b[36m<form\u001b[39m\n            \u001b[33mstyle\u001b[39m=\u001b[32m\"display: grid; gap: 12px; max-width: 360px;\"\u001b[39m\n          \u001b[36m>\u001b[39m\n            \u001b[36m<label>\u001b[39m\n              \u001b[0mEmail\u001b[0m\n              \u001b[36m<input\u001b[39m\n                \u001b[33mrequired\u001b[39m=\u001b[32m\"\"\u001b[39m\n                \u001b[33mvalue\u001b[39m=\u001b[32m\"user@example.com\"\u001b[39m\n              \u001b[36m/>\u001b[39m\n            \u001b[36m</label>\u001b[39m\n            \u001b[36m<label>\u001b[39m\n              \u001b[0mPassword\u001b[0m\n              \u001b[36m<input\u001b[39m\n                \u001b[33mrequired\u001b[39m=\u001b[32m\"\"\u001b[39m\n                \u001b[33mtype\u001b[39m=\u001b[32m\"password\"\u001b[39m\n                \u001b[33mvalue\u001b[39m=\u001b[32m\"password\"\u001b[39m\n              \u001b[36m/>\u001b[39m\n            \u001b[36m</label>\u001b[39m\n            \u001b[36m<label>\u001b[39m\n              \u001b[0mRole\u001b[0m\n              \u001b[36m<select>\u001b[39m\n                \u001b[36m<option\u001b[39m\n                  \u001b[33mvalue\u001b[39m=\u001b[32m\"member\"\u001b[39m\n                \u001b[36m>\u001b[39m\n                  \u001b[0mMember\u001b[0m\n                \u001b[36m</option>\u001b[39m\n                \u001b[36m<option\u001b[39m\n                  \u001b[33mvalue\u001b[39m=\u001b[32m\"trainer\"\u001b[39m\n                \u001b[36m>\u001b[39m\n                  \u001b[0mTrainer\u001b[0m\n                \u001b[36m</option>\u001b[39m\n              \u001b[36m</select>\u001b[39m\n            \u001b[36m</label>\u001b[39m\n            \u001b[36m<button\u001b[39m\n              \u001b[33mdata-testid\u001b[39m=\u001b[32m\"login-submit\"\u001b[39m\n              \u001b[33mtype\u001b[39m=\u001b[32m\"submit\"\u001b[39m\n            \u001b[36m>\u001b[39m\n              \u001b[0mLogin\u001b[0m\n            \u001b[36m</button>\u001b[39m\n          \u001b[36m</form>\u001b[39m\n          \u001b[36m<p\u001b[39m\n            \u001b[33mstyle\u001b[39m=\u001b[32m\"margin-top: 12px;\"\u001b[39m\n          \u001b[36m>\u001b[39m\n            \u001b[0mNo account? \u001b[0m\n            \u001b[36m<a\u001b[39m\n              \u001b[33mhref\u001b[39m=\u001b[32m\"/register\"\u001b[39m\n            \u001b[36m>\u001b[39m\n              \u001b[0mRegister\u001b[0m\n            \u001b[36m</a>\u001b[39m\n          \u001b[36m</p>\u001b[39m\n        \u001b[36m</main>\u001b[39m\n      \u001b[36m</div>\u001b[39m\n    \u001b[36m</body>\u001b[39m\n\n    \u001b[0m \u001b[90m 36 |\u001b[39m\n     \u001b[90m 37 |\u001b[39m     \u001b[90m// Await dashboard after ProtectedRoute allows\u001b[39m\n    \u001b[31m\u001b[1m>\u001b[22m\u001b[39m\u001b[90m 38 |\u001b[39m     \u001b[36mconst\u001b[39m heading \u001b[33m=\u001b[39m \u001b[36mawait\u001b[39m screen\u001b[33m.\u001b[39mfindByTestId(\u001b[32m'dashboard-heading'\u001b[39m)\u001b[33m;\u001b[39m\n     \u001b[90m    |\u001b[39m                                  \u001b[31m\u001b[1m^\u001b[22m\u001b[39m\n     \u001b[90m 39 |\u001b[39m     expect(heading)\u001b[33m.\u001b[39mtoBeInTheDocument()\u001b[33m;\u001b[39m\n     \u001b[90m 40 |\u001b[39m\n     \u001b[90m 41 |\u001b[39m     \u001b[90m// Feature section should appear\u001b[39m\u001b[0m\n\n      at waitForWrapper (node_modules/@testing-library/dom/dist/wait-for.js:163:27)\n      at findByTestId (node_modules/@testing-library/dom/dist/query-helpers.js:86:33)\n      at Object.<anonymous> (src/__tests__/feature_flags.test.js:38:34)\n","name":"/home/kavia/workspace/code-generation/smart-gym-management--fitness-tracker-21010-21052/WebFrontend/src/__tests__/feature_flags.test.js","startTime":1760986913238,"status":"failed","summary":""},{"assertionResults":[{"ancestorTitles":["Navbar auth links"],"failureMessages":["Error: Unable to find an element by: [data-testid=\"nav-login\"]\n\nIgnored nodes: comments, script, style\n\u001b[36m<body>\u001b[39m\n  \u001b[36m<div>\u001b[39m\n    \u001b[36m<nav\u001b[39m\n      \u001b[33maria-label\u001b[39m=\u001b[32m\"Main navigation\"\u001b[39m\n      \u001b[33mclass\u001b[39m=\u001b[32m\"navbar\"\u001b[39m\n      \u001b[33mrole\u001b[39m=\u001b[32m\"navigation\"\u001b[39m\n      \u001b[33mstyle\u001b[39m=\u001b[32m\"padding: 12px 16px; display: flex; justify-content: space-between;\"\u001b[39m\n    \u001b[36m>\u001b[39m\n      \u001b[36m<div\u001b[39m\n        \u001b[33mstyle\u001b[39m=\u001b[32m\"display: flex; gap: 12px; align-items: center;\"\u001b[39m\n      \u001b[36m>\u001b[39m\n        \u001b[36m<a\u001b[39m\n          \u001b[33mclass\u001b[39m=\u001b[32m\"App-link\"\u001b[39m\n          \u001b[33mdata-testid\u001b[39m=\u001b[32m\"nav-home\"\u001b[39m\n          \u001b[33mhref\u001b[39m=\u001b[32m\"/\"\u001b[39m\n        \u001b[36m>\u001b[39m\n          \u001b[0mSmart Gym\u001b[0m\n        \u001b[36m</a>\u001b[39m\n        \u001b[36m<a\u001b[39m\n          \u001b[33mclass\u001b[39m=\u001b[32m\"App-link\"\u001b[39m\n          \u001b[33mdata-testid\u001b[39m=\u001b[32m\"nav-dashboard\"\u001b[39m\n          \u001b[33mhref\u001b[39m=\u001b[32m\"/dashboard\"\u001b[39m\n        \u001b[36m>\u001b[39m\n          \u001b[0mDashboard\u001b[0m\n        \u001b[36m</a>\u001b[39m\n        \u001b[36m<a\u001b[39m\n          \u001b[33mclass\u001b[39m=\u001b[32m\"App-link\"\u001b[39m\n          \u001b[33mdata-testid\u001b[39m=\u001b[32m\"nav-workouts\"\u001b[39m\n          \u001b[33mhref\u001b[39m=\u001b[32m\"/workouts\"\u001b[39m\n        \u001b[36m>\u001b[39m\n          \u001b[0mWorkouts\u001b[0m\n        \u001b[36m</a>\u001b[39m\n        \u001b[36m<a\u001b[39m\n          \u001b[33mclass\u001b[39m=\u001b[32m\"App-link\"\u001b[39m\n          \u001b[33mdata-testid\u001b[39m=\u001b[32m\"nav-profile\"\u001b[39m\n          \u001b[33mhref\u001b[39m=\u001b[32m\"/profile\"\u001b[39m\n        \u001b[36m>\u001b[39m\n          \u001b[0mProfile\u001b[0m\n        \u001b[36m</a>\u001b[39m\n        \u001b[36m<a\u001b[39m\n          \u001b[33mclass\u001b[39m=\u001b[32m\"App-link\"\u001b[39m\n          \u001b[33mdata-testid\u001b[39m=\u001b[32m\"nav-trainers\"\u001b[39m\n          \u001b[33mhref\u001b[39m=\u001b[32m\"/trainers\"\u001b[39m\n        \u001b[36m>\u001b[39m\n          \u001b[0mTrainers\u001b[0m\n        \u001b[36m</a>\u001b[39m\n      \u001b[36m</div>\u001b[39m\n      \u001b[36m<div\u001b[39m\n        \u001b[33mstyle\u001b[39m=\u001b[32m\"display: flex; gap: 12px; align-items: center;\"\u001b[39m\n      \u001b[36m>\u001b[39m\n        \u001b[36m<button\u001b[39m\n          \u001b[33maria-label\u001b[39m=\u001b[32m\"Notifications\"\u001b[39m\n          \u001b[33mstyle\u001b[39m=\u001b[32m\"position: relative; background: transparent; border-radius: 6px; padding: 6px 10px; cursor: pointer;\"\u001b[39m\n          \u001b[33mtitle\u001b[39m=\u001b[32m\"Notifications\"\u001b[39m\n        \u001b[36m>\u001b[39m\n          \u001b[0m🔔\u001b[0m\n        \u001b[36m</button>\u001b[39m\n        \u001b[36m<span\u001b[39m\n          \u001b[33mstyle\u001b[39m=\u001b[32m\"font-size: 12px; opacity: 0.8;\"\u001b[39m\n        \u001b[36m>\u001b[39m\n          \u001b[0muser@ex.com\u001b[0m\n          \u001b[0m (\u001b[0m\n          \u001b[0mmember\u001b[0m\n          \u001b[0m)\u001b[0m\n        \u001b[36m</span>\u001b[39m\n        \u001b[36m<button\u001b[39m\n          \u001b[33mdata-testid\u001b[39m=\u001b[32m\"nav-logout\"\u001b[39m\n        \u001b[36m>\u001b[39m\n          \u001b[0mLogout\u001b[0m\n        \u001b[36m</button>\u001b[39m\n      \u001b[36m</div>\u001b[39m\n    \u001b[36m</nav>\u001b[39m\n    \u001b[36m<main\u001b[39m\n      \u001b[33mdata-testid\u001b[39m=\u001b[32m\"page-main\"\u001b[39m\n      \u001b[33mrole\u001b[39m=\u001b[32m\"main\"\u001b[39m\n      \u001b[33mstyle\u001b[39m=\u001b[32m\"padding: 24px;\"\u001b[39m\n    \u001b[36m>\u001b[39m\n      \u001b[36m<h1\u001b[39m\n        \u001b[33mdata-testid\u001b[39m=\u001b[32m\"home-title\"\u001b[39m\n      \u001b[36m>\u001b[39m\n        \u001b[0mSmart Gym\u001b[0m\n      \u001b[36m</h1>\u001b[39m\n      \u001b[36m<p>\u001b[39m\n        \u001b[0mWelcome to the Smart Gym Management & Fitness Tracker.\u001b[0m\n      \u001b[36m</p>\u001b[39m\n      \u001b[36m<div\u001b[39m\n        \u001b[33mstyle\u001b[39m=\u001b[32m\"display: flex; gap: 12px; margin-top: 12px;\"\u001b[39m\n      \u001b[36m>\u001b[39m\n        \u001b[36m<a\u001b[39m\n          \u001b[33mclass\u001b[39m=\u001b[32m\"App-link\"\u001b[39m\n          \u001b[33mdata-testid\u001b[39m=\u001b[32m\"home-login-link\"\u001b[39m\n          \u001b[33mhref\u001b[39m=\u001b[32m\"/login\"\u001b[39m\n        \u001b[36m>\u001b[39m\n          \u001b[0mLogin\u001b[0m\n        \u001b[36m</a>\u001b[39m\n        \u001b[36m<a\u001b[39m\n          \u001b[33mclass\u001b[39m=\u001b[32m\"App-link\"\u001b[39m\n          \u001b[33mdata-testid\u001b[39m=\u001b[32m\"home-register-link\"\u001b[39m\n          \u001b[33mhref\u001b[39m=\u001b[32m\"/register\"\u001b[39m\n        \u001b[36m>\u001b[39m\n          \u001b[0mRegister\u001b[0m\n        \u001b[36m</a>\u001b[39m\n        \u001b[36m<a\u001b[39m\n          \u001b[33mclass\u001b[39m=\u001b[32m\"App-link\"\u001b[39m\n          \u001b[33mdata-testid\u001b[39m=\u001b[32m\"home-dashboard-link\"\u001b[39m\n          \u001b[33mhref\u001b[39m=\u001b[32m\"/dashboard\"\u001b[39m\n        \u001b[36m>\u001b[39m\n          \u001b[0mDashboard\u001b[0m\n        \u001b[36m</a>\u001b[39m\n      \u001b[36m</div>\u001b[39m\n    \u001b[36m</main>\u001b[39m\n  \u001b[36m</div>\u001b[39m\n\u001b[36m</body>\u001b[39m\n    at waitForWrapper (/home/kavia/workspace/code-generation/smart-gym-management--fitness-tracker-21010-21052/WebFrontend/node_modules/@testing-library/dom/dist/wait-for.js:163:27)\n    at Object.<anonymous> (/home/kavia/workspace/code-generation/smart-gym-management--fitness-tracker-21010-21052/WebFrontend/src/__tests__/navbar.authflow.test.js:63:18)"],"fullName":"Navbar auth links shows login/register when logged out; shows logout when logged in","location":null,"status":"failed","title":"shows login/register when logged out; shows logout when logged in"}],"endTime":1760986915394,"message":"  ● Navbar auth links › shows login/register when logged out; shows logout when logged in\n\n    Unable to find an element by: [data-testid=\"nav-login\"]\n\n    Ignored nodes: comments, script, style\n    \u001b[36m<body>\u001b[39m\n      \u001b[36m<div>\u001b[39m\n        \u001b[36m<nav\u001b[39m\n          \u001b[33maria-label\u001b[39m=\u001b[32m\"Main navigation\"\u001b[39m\n          \u001b[33mclass\u001b[39m=\u001b[32m\"navbar\"\u001b[39m\n          \u001b[33mrole\u001b[39m=\u001b[32m\"navigation\"\u001b[39m\n          \u001b[33mstyle\u001b[39m=\u001b[32m\"padding: 12px 16px; display: flex; justify-content: space-between;\"\u001b[39m\n        \u001b[36m>\u001b[39m\n          \u001b[36m<div\u001b[39m\n            \u001b[33mstyle\u001b[39m=\u001b[32m\"display: flex; gap: 12px; align-items: center;\"\u001b[39m\n          \u001b[36m>\u001b[39m\n            \u001b[36m<a\u001b[39m\n              \u001b[33mclass\u001b[39m=\u001b[32m\"App-link\"\u001b[39m\n              \u001b[33mdata-testid\u001b[39m=\u001b[32m\"nav-home\"\u001b[39m\n              \u001b[33mhref\u001b[39m=\u001b[32m\"/\"\u001b[39m\n            \u001b[36m>\u001b[39m\n              \u001b[0mSmart Gym\u001b[0m\n            \u001b[36m</a>\u001b[39m\n            \u001b[36m<a\u001b[39m\n              \u001b[33mclass\u001b[39m=\u001b[32m\"App-link\"\u001b[39m\n              \u001b[33mdata-testid\u001b[39m=\u001b[32m\"nav-dashboard\"\u001b[39m\n              \u001b[33mhref\u001b[39m=\u001b[32m\"/dashboard\"\u001b[39m\n            \u001b[36m>\u001b[39m\n              \u001b[0mDashboard\u001b[0m\n            \u001b[36m</a>\u001b[39m\n            \u001b[36m<a\u001b[39m\n              \u001b[33mclass\u001b[39m=\u001b[32m\"App-link\"\u001b[39m\n              \u001b[33mdata-testid\u001b[39m=\u001b[32m\"nav-workouts\"\u001b[39m\n              \u001b[33mhref\u001b[39m=\u001b[32m\"/workouts\"\u001b[39m\n            \u001b[36m>\u001b[39m\n              \u001b[0mWorkouts\u001b[0m\n            \u001b[36m</a>\u001b[39m\n            \u001b[36m<a\u001b[39m\n              \u001b[33mclass\u001b[39m=\u001b[32m\"App-link\"\u001b[39m\n              \u001b[33mdata-testid\u001b[39m=\u001b[32m\"nav-profile\"\u001b[39m\n              \u001b[33mhref\u001b[39m=\u001b[32m\"/profile\"\u001b[39m\n            \u001b[36m>\u001b[39m\n              \u001b[0mProfile\u001b[0m\n            \u001b[36m</a>\u001b[39m\n            \u001b[36m<a\u001b[39m\n              \u001b[33mclass\u001b[39m=\u001b[32m\"App-link\"\u001b[39m\n              \u001b[33mdata-testid\u001b[39m=\u001b[32m\"nav-trainers\"\u001b[39m\n              \u001b[33mhref\u001b[39m=\u001b[32m\"/trainers\"\u001b[39m\n            \u001b[36m>\u001b[39m\n              \u001b[0mTrainers\u001b[0m\n            \u001b[36m</a>\u001b[39m\n          \u001b[36m</div>\u001b[39m\n          \u001b[36m<div\u001b[39m\n            \u001b[33mstyle\u001b[39m=\u001b[32m\"display: flex; gap: 12px; align-items: center;\"\u001b[39m\n          \u001b[36m>\u001b[39m\n            \u001b[36m<button\u001b[39m\n              \u001b[33maria-label\u001b[39m=\u001b[32m\"Notifications\"\u001b[39m\n              \u001b[33mstyle\u001b[39m=\u001b[32m\"position: relative; background: transparent; border-radius: 6px; padding: 6px 10px; cursor: pointer;\"\u001b[39m\n              \u001b[33mtitle\u001b[39m=\u001b[32m\"Notifications\"\u001b[39m\n            \u001b[36m>\u001b[39m\n              \u001b[0m🔔\u001b[0m\n            \u001b[36m</button>\u001b[39m\n            \u001b[36m<span\u001b[39m\n              \u001b[33mstyle\u001b[39m=\u001b[32m\"font-size: 12px; opacity: 0.8;\"\u001b[39m\n            \u001b[36m>\u001b[39m\n              \u001b[0muser@ex.com\u001b[0m\n              \u001b[0m (\u001b[0m\n              \u001b[0mmember\u001b[0m\n              \u001b[0m)\u001b[0m\n            \u001b[36m</span>\u001b[39m\n            \u001b[36m<button\u001b[39m\n              \u001b[33mdata-testid\u001b[39m=\u001b[32m\"nav-logout\"\u001b[39m\n            \u001b[36m>\u001b[39m\n              \u001b[0mLogout\u001b[0m\n            \u001b[36m</button>\u001b[39m\n          \u001b[36m</div>\u001b[39m\n        \u001b[36m</nav>\u001b[39m\n        \u001b[36m<main\u001b[39m\n          \u001b[33mdata-testid\u001b[39m=\u001b[32m\"page-main\"\u001b[39m\n          \u001b[33mrole\u001b[39m=\u001b[32m\"main\"\u001b[39m\n          \u001b[33mstyle\u001b[39m=\u001b[32m\"padding: 24px;\"\u001b[39m\n        \u001b[36m>\u001b[39m\n          \u001b[36m<h1\u001b[39m\n            \u001b[33mdata-testid\u001b[39m=\u001b[32m\"home-title\"\u001b[39m\n          \u001b[36m>\u001b[39m\n            \u001b[0mSmart Gym\u001b[0m\n          \u001b[36m</h1>\u001b[39m\n          \u001b[36m<p>\u001b[39m\n            \u001b[0mWelcome to the Smart Gym Management & Fitness Tracker.\u001b[0m\n          \u001b[36m</p>\u001b[39m\n          \u001b[36m<div\u001b[39m\n            \u001b[33mstyle\u001b[39m=\u001b[32m\"display: flex; gap: 12px; margin-top: 12px;\"\u001b[39m\n          \u001b[36m>\u001b[39m\n            \u001b[36m<a\u001b[39m\n              \u001b[33mclass\u001b[39m=\u001b[32m\"App-link\"\u001b[39m\n              \u001b[33mdata-testid\u001b[39m=\u001b[32m\"home-login-link\"\u001b[39m\n              \u001b[33mhref\u001b[39m=\u001b[32m\"/login\"\u001b[39m\n            \u001b[36m>\u001b[39m\n              \u001b[0mLogin\u001b[0m\n            \u001b[36m</a>\u001b[39m\n            \u001b[36m<a\u001b[39m\n              \u001b[33mclass\u001b[39m=\u001b[32m\"App-link\"\u001b[39m\n              \u001b[33mdata-testid\u001b[39m=\u001b[32m\"home-register-link\"\u001b[39m\n              \u001b[33mhref\u001b[39m=\u001b[32m\"/register\"\u001b[39m\n            \u001b[36m>\u001b[39m\n              \u001b[0mRegister\u001b[0m\n            \u001b[36m</a>\u001b[39m\n            \u001b[36m<a\u001b[39m\n              \u001b[33mclass\u001b[39m=\u001b[32m\"App-link\"\u001b[39m\n              \u001b[33mdata-testid\u001b[39m=\u001b[32m\"home-dashboard-link\"\u001b[39m\n              \u001b[33mhref\u001b[39m=\u001b[32m\"/dashboard\"\u001b[39m\n            \u001b[36m>\u001b[39m\n              \u001b[0mDashboard\u001b[0m\n            \u001b[36m</a>\u001b[39m\n          \u001b[36m</div>\u001b[39m\n        \u001b[36m</main>\u001b[39m\n      \u001b[36m</div>\u001b[39m\n    \u001b[36m</body>\u001b[39m\n\n    \u001b[0m \u001b[90m 61 |\u001b[39m\n     \u001b[90m 62 |\u001b[39m     \u001b[90m// After logout, navbar should show login again (state update + re-render)\u001b[39m\n    \u001b[31m\u001b[1m>\u001b[22m\u001b[39m\u001b[90m 63 |\u001b[39m     \u001b[36mawait\u001b[39m waitFor(() \u001b[33m=>\u001b[39m {\n     \u001b[90m    |\u001b[39m                  \u001b[31m\u001b[1m^\u001b[22m\u001b[39m\n     \u001b[90m 64 |\u001b[39m       expect(screen\u001b[33m.\u001b[39mgetByTestId(\u001b[32m'nav-login'\u001b[39m))\u001b[33m.\u001b[39mtoBeInTheDocument()\u001b[33m;\u001b[39m\n     \u001b[90m 65 |\u001b[39m     })\u001b[33m;\u001b[39m\n     \u001b[90m 66 |\u001b[39m   })\u001b[33m;\u001b[39m\u001b[0m\n\n      at waitForWrapper (node_modules/@testing-library/dom/dist/wait-for.js:163:27)\n      at Object.<anonymous> (src/__tests__/navbar.authflow.test.js:63:18)\n","name":"/home/kavia/workspace/code-generation/smart-gym-management--fitness-tracker-21010-21052/WebFrontend/src/__tests__/navbar.authflow.test.js","startTime":1760986913210,"status":"failed","summary":""},{"assertionResults":[{"ancestorTitles":["Router integration"],"failureMessages":[],"fullName":"Router integration Home renders on root","location":null,"status":"passed","title":"Home renders on root"},{"ancestorTitles":["Router integration"],"failureMessages":[],"fullName":"Router integration Protected /dashboard redirects to login when unauthenticated","location":null,"status":"passed","title":"Protected /dashboard redirects to login when unauthenticated"},{"ancestorTitles":["Router integration"],"failureMessages":["Error: Unable to find an element by: [data-testid=\"home-title\"]\n\nIgnored nodes: comments, script, style\n\u001b[36m<body>\u001b[39m\n  \u001b[36m<div>\u001b[39m\n    \u001b[36m<main\u001b[39m\n      \u001b[33mdata-testid\u001b[39m=\u001b[32m\"page-main\"\u001b[39m\n      \u001b[33mrole\u001b[39m=\u001b[32m\"main\"\u001b[39m\n      \u001b[33mstyle\u001b[39m=\u001b[32m\"padding: 24px;\"\u001b[39m\n    \u001b[36m>\u001b[39m\n      \u001b[36m<h2\u001b[39m\n        \u001b[33mdata-testid\u001b[39m=\u001b[32m\"login-heading\"\u001b[39m\n      \u001b[36m>\u001b[39m\n        \u001b[0mLogin\u001b[0m\n      \u001b[36m</h2>\u001b[39m\n      \u001b[36m<form\u001b[39m\n        \u001b[33mstyle\u001b[39m=\u001b[32m\"display: grid; gap: 12px; max-width: 360px;\"\u001b[39m\n      \u001b[36m>\u001b[39m\n        \u001b[36m<label>\u001b[39m\n          \u001b[0mEmail\u001b[0m\n          \u001b[36m<input\u001b[39m\n            \u001b[33mrequired\u001b[39m=\u001b[32m\"\"\u001b[39m\n            \u001b[33mvalue\u001b[39m=\u001b[32m\"user@example.com\"\u001b[39m\n          \u001b[36m/>\u001b[39m\n        \u001b[36m</label>\u001b[39m\n        \u001b[36m<label>\u001b[39m\n          \u001b[0mPassword\u001b[0m\n          \u001b[36m<input\u001b[39m\n            \u001b[33mrequired\u001b[39m=\u001b[32m\"\"\u001b[39m\n            \u001b[33mtype\u001b[39m=\u001b[32m\"password\"\u001b[39m\n            \u001b[33mvalue\u001b[39m=\u001b[32m\"password\"\u001b[39m\n          \u001b[36m/>\u001b[39m\n        \u001b[36m</label>\u001b[39m\n        \u001b[36m<label>\u001b[39m\n          \u001b[0mRole\u001b[0m\n          \u001b[36m<select>\u001b[39m\n            \u001b[36m<option\u001b[39m\n              \u001b[33mvalue\u001b[39m=\u001b[32m\"member\"\u001b[39m\n            \u001b[36m>\u001b[39m\n              \u001b[0mMember\u001b[0m\n            \u001b[36m</option>\u001b[39m\n            \u001b[36m<option\u001b[39m\n              \u001b[33mvalue\u001b[39m=\u001b[32m\"trainer\"\u001b[39m\n            \u001b[36m>\u001b[39m\n              \u001b[0mTrainer\u001b[0m\n            \u001b[36m</option>\u001b[39m\n          \u001b[36m</select>\u001b[39m\n        \u001b[36m</label>\u001b[39m\n        \u001b[36m<button\u001b[39m\n          \u001b[33mdata-testid\u001b[39m=\u001b[32m\"login-submit\"\u001b[39m\n          \u001b[33mtype\u001b[39m=\u001b[32m\"submit\"\u001b[39m\n        \u001b[36m>\u001b[39m\n          \u001b[0mLogin\u001b[0m\n        \u001b[36m</button>\u001b[39m\n      \u001b[36m</form>\u001b[39m\n      \u001b[36m<p\u001b[39m\n        \u001b[33mstyle\u001b[39m=\u001b[32m\"margin-top: 12px;\"\u001b[39m\n      \u001b[36m>\u001b[39m\n        \u001b[0mNo account? \u001b[0m\n        \u001b[36m<a\u001b[39m\n          \u001b[33mhref\u001b[39m=\u001b[32m\"/register\"\u001b[39m\n        \u001b[36m>\u001b[39m\n          \u001b[0mRegister\u001b[0m\n        \u001b[36m</a>\u001b[39m\n      \u001b[36m</p>\u001b[39m\n    \u001b[36m</main>\u001b[39m\n  \u001b[36m</div>\u001b[39m\n\u001b[36m</body>\u001b[39m\n    at waitForWrapper (/home/kavia/workspace/code-generation/smart-gym-management--fitness-tracker-21010-21052/WebFrontend/node_modules/@testing-library/dom/dist/wait-for.js:163:27)\n    at findByTestId (/home/kavia/workspace/code-generation/smart-gym-management--fitness-tracker-21010-21052/WebFrontend/node_modules/@testing-library/dom/dist/query-helpers.js:86:33)\n    at Object.<anonymous> (/home/kavia/workspace/code-generation/smart-gym-management--fitness-tracker-21010-21052/WebFrontend/src/__tests__/router.integration.test.js:62:25)\n    at Promise.then.completed (/home/kavia/workspace/code-generation/smart-gym-management--fitness-tracker-21010-21052/WebFrontend/node_modules/jest-circus/build/utils.js:391:28)\n    at new Promise (<anonymous>)\n    at callAsyncCircusFn (/home/kavia/workspace/code-generation/smart-gym-management--fitness-tracker-21010-21052/WebFrontend/node_modules/jest-circus/build/utils.js:316:10)\n    at _callCircusTest (/home/kavia/workspace/code-generation/smart-gym-management--fitness-tracker-21010-21052/WebFrontend/node_modules/jest-circus/build/run.js:218:40)\n    at _runTest (/home/kavia/workspace/code-generation/smart-gym-management--fitness-tracker-21010-21052/WebFrontend/node_modules/jest-circus/build/run.js:155:3)\n    at _runTestsForDescribeBlock (/home/kavia/workspace/code-generation/smart-gym-management--fitness-tracker-21010-21052/WebFrontend/node_modules/jest-circus/build/run.js:66:9)\n    at _runTestsForDescribeBlock (/home/kavia/workspace/code-generation/smart-gym-management--fitness-tracker-21010-21052/WebFrontend/node_modules/jest-circus/build/run.js:60:9)\n    at run (/home/kavia/workspace/code-generation/smart-gym-management--fitness-tracker-21010-21052/WebFrontend/node_modules/jest-circus/build/run.js:25:3)\n    at runAndTransformResultsToJestFormat (/home/kavia/workspace/code-generation/smart-gym-management--fitness-tracker-21010-21052/WebFrontend/node_modules/jest-circus/build/legacy-code-todo-rewrite/jestAdapterInit.js:170:21)\n    at jestAdapter (/home/kavia/workspace/code-generation/smart-gym-management--fitness-tracker-21010-21052/WebFrontend/node_modules/jest-circus/build/legacy-code-todo-rewrite/jestAdapter.js:82:19)\n    at runTestInternal (/home/kavia/workspace/code-generation/smart-gym-management--fitness-tracker-21010-21052/WebFrontend/node_modules/jest-runner/build/runTest.js:389:16)\n    at runTest (/home/kavia/workspace/code-generation/smart-gym-management--fitness-tracker-21010-21052/WebFrontend/node_modules/jest-runner/build/runTest.js:475:34)\n    at Object.worker (/home/kavia/workspace/code-generation/smart-gym-management--fitness-tracker-21010-21052/WebFrontend/node_modules/jest-runner/build/testWorker.js:133:12)"],"fullName":"Router integration /trainers accessible only by role=trainer","location":null,"status":"failed","title":"/trainers accessible only by role=trainer"}],"endTime":1760986915458,"message":"  ● Router integration › /trainers accessible only by role=trainer\n\n    Unable to find an element by: [data-testid=\"home-title\"]\n\n    Ignored nodes: comments, script, style\n    \u001b[36m<body>\u001b[39m\n      \u001b[36m<div>\u001b[39m\n        \u001b[36m<main\u001b[39m\n          \u001b[33mdata-testid\u001b[39m=\u001b[32m\"page-main\"\u001b[39m\n          \u001b[33mrole\u001b[39m=\u001b[32m\"main\"\u001b[39m\n          \u001b[33mstyle\u001b[39m=\u001b[32m\"padding: 24px;\"\u001b[39m\n        \u001b[36m>\u001b[39m\n          \u001b[36m<h2\u001b[39m\n            \u001b[33mdata-testid\u001b[39m=\u001b[32m\"login-heading\"\u001b[39m\n          \u001b[36m>\u001b[39m\n            \u001b[0mLogin\u001b[0m\n          \u001b[36m</h2>\u001b[39m\n          \u001b[36m<form\u001b[39m\n            \u001b[33mstyle\u001b[39m=\u001b[32m\"display: grid; gap: 12px; max-width: 360px;\"\u001b[39m\n          \u001b[36m>\u001b[39m\n            \u001b[36m<label>\u001b[39m\n              \u001b[0mEmail\u001b[0m\n              \u001b[36m<input\u001b[39m\n                \u001b[33mrequired\u001b[39m=\u001b[32m\"\"\u001b[39m\n                \u001b[33mvalue\u001b[39m=\u001b[32m\"user@example.com\"\u001b[39m\n              \u001b[36m/>\u001b[39m\n            \u001b[36m</label>\u001b[39m\n            \u001b[36m<label>\u001b[39m\n              \u001b[0mPassword\u001b[0m\n              \u001b[36m<input\u001b[39m\n                \u001b[33mrequired\u001b[39m=\u001b[32m\"\"\u001b[39m\n                \u001b[33mtype\u001b[39m=\u001b[32m\"password\"\u001b[39m\n                \u001b[33mvalue\u001b[39m=\u001b[32m\"password\"\u001b[39m\n              \u001b[36m/>\u001b[39m\n            \u001b[36m</label>\u001b[39m\n            \u001b[36m<label>\u001b[39m\n              \u001b[0mRole\u001b[0m\n              \u001b[36m<select>\u001b[39m\n                \u001b[36m<option\u001b[39m\n                  \u001b[33mvalue\u001b[39m=\u001b[32m\"member\"\u001b[39m\n                \u001b[36m>\u001b[39m\n                  \u001b[0mMember\u001b[0m\n                \u001b[36m</option>\u001b[39m\n                \u001b[36m<option\u001b[39m\n                  \u001b[33mvalue\u001b[39m=\u001b[32m\"trainer\"\u001b[39m\n                \u001b[36m>\u001b[39m\n                  \u001b[0mTrainer\u001b[0m\n                \u001b[36m</option>\u001b[39m\n              \u001b[36m</select>\u001b[39m\n            \u001b[36m</label>\u001b[39m\n            \u001b[36m<button\u001b[39m\n              \u001b[33mdata-testid\u001b[39m=\u001b[32m\"login-submit\"\u001b[39m\n              \u001b[33mtype\u001b[39m=\u001b[32m\"submit\"\u001b[39m\n            \u001b[36m>\u001b[39m\n              \u001b[0mLogin\u001b[0m\n            \u001b[36m</button>\u001b[39m\n          \u001b[36m</form>\u001b[39m\n          \u001b[36m<p\u001b[39m\n            \u001b[33mstyle\u001b[39m=\u001b[32m\"margin-top: 12px;\"\u001b[39m\n          \u001b[36m>\u001b[39m\n            \u001b[0mNo account? \u001b[0m\n            \u001b[36m<a\u001b[39m\n              \u001b[33mhref\u001b[39m=\u001b[32m\"/register\"\u001b[39m\n            \u001b[36m>\u001b[39m\n              \u001b[0mRegister\u001b[0m\n            \u001b[36m</a>\u001b[39m\n          \u001b[36m</p>\u001b[39m\n        \u001b[36m</main>\u001b[39m\n      \u001b[36m</div>\u001b[39m\n    \u001b[36m</body>\u001b[39m\n\n    \u001b[0m \u001b[90m 60 |\u001b[39m       \u001b[33m<\u001b[39m\u001b[33m/\u001b[39m\u001b[33mFeatureFlagsProvider\u001b[39m\u001b[33m>\u001b[39m\n     \u001b[90m 61 |\u001b[39m     )\u001b[33m;\u001b[39m\n    \u001b[31m\u001b[1m>\u001b[22m\u001b[39m\u001b[90m 62 |\u001b[39m     expect(\u001b[36mawait\u001b[39m screen\u001b[33m.\u001b[39mfindByTestId(\u001b[32m'home-title'\u001b[39m))\u001b[33m.\u001b[39mtoBeInTheDocument()\u001b[33m;\u001b[39m\n     \u001b[90m    |\u001b[39m                         \u001b[31m\u001b[1m^\u001b[22m\u001b[39m\n     \u001b[90m 63 |\u001b[39m\n     \u001b[90m 64 |\u001b[39m     \u001b[90m// As trainer\u001b[39m\n     \u001b[90m 65 |\u001b[39m     render(\u001b[0m\n\n      at waitForWrapper (node_modules/@testing-library/dom/dist/wait-for.js:163:27)\n      at findByTestId (node_modules/@testing-library/dom/dist/query-helpers.js:86:33)\n      at Object.<anonymous> (src/__tests__/router.integration.test.js:62:25)\n","name":"/home/kavia/workspace/code-generation/smart-gym-management--fitness-tracker-21010-21052/WebFrontend/src/__tests__/router.integration.test.js","startTime":1760986913228,"status":"failed","summary":""},{"assertionResults":[{"ancestorTitles":["ProtectedRoute"],"failureMessages":[],"fullName":"ProtectedRoute redirects unauthenticated user to /login","location":null,"status":"passed","title":"redirects unauthenticated user to /login"},{"ancestorTitles":["ProtectedRoute"],"failureMessages":["Error: Unable to find an element with the text: /Private Area/i. This could be because the text is broken up by multiple elements. In this case, you can provide a function for your text matcher to make your matcher more flexible.\n\nIgnored nodes: comments, script, style\n\u001b[36m<body>\u001b[39m\n  \u001b[36m<div>\u001b[39m\n    \u001b[36m<h2\u001b[39m\n      \u001b[33mdata-testid\u001b[39m=\u001b[32m\"login-heading\"\u001b[39m\n    \u001b[36m>\u001b[39m\n      \u001b[0mLogin\u001b[0m\n    \u001b[36m</h2>\u001b[39m\n  \u001b[36m</div>\u001b[39m\n\u001b[36m</body>\u001b[39m\n    at waitForWrapper (/home/kavia/workspace/code-generation/smart-gym-management--fitness-tracker-21010-21052/WebFrontend/node_modules/@testing-library/dom/dist/wait-for.js:163:27)\n    at findByText (/home/kavia/workspace/code-generation/smart-gym-management--fitness-tracker-21010-21052/WebFrontend/node_modules/@testing-library/dom/dist/query-helpers.js:86:33)\n    at Object.<anonymous> (/home/kavia/workspace/code-generation/smart-gym-management--fitness-tracker-21010-21052/WebFrontend/src/__tests__/protected_route_and_trainer_access.test.js:67:25)\n    at Promise.then.completed (/home/kavia/workspace/code-generation/smart-gym-management--fitness-tracker-21010-21052/WebFrontend/node_modules/jest-circus/build/utils.js:391:28)\n    at new Promise (<anonymous>)\n    at callAsyncCircusFn (/home/kavia/workspace/code-generation/smart-gym-management--fitness-tracker-21010-21052/WebFrontend/node_modules/jest-circus/build/utils.js:316:10)\n    at _callCircusTest (/home/kavia/workspace/code-generation/smart-gym-management--fitness-tracker-21010-21052/WebFrontend/node_modules/jest-circus/build/run.js:218:40)\n    at _runTest (/home/kavia/workspace/code-generation/smart-gym-management--fitness-tracker-21010-21052/WebFrontend/node_modules/jest-circus/build/run.js:155:3)\n    at _runTestsForDescribeBlock (/home/kavia/workspace/code-generation/smart-gym-management--fitness-tracker-21010-21052/WebFrontend/node_modules/jest-circus/build/run.js:66:9)\n    at _runTestsForDescribeBlock (/home/kavia/workspace/code-generation/smart-gym-management--fitness-tracker-21010-21052/WebFrontend/node_modules/jest-circus/build/run.js:60:9)\n    at run (/home/kavia/workspace/code-generation/smart-gym-management--fitness-tracker-21010-21052/WebFrontend/node_modules/jest-circus/build/run.js:25:3)\n    at runAndTransformResultsToJestFormat (/home/kavia/workspace/code-generation/smart-gym-management--fitness-tracker-21010-21052/WebFrontend/node_modules/jest-circus/build/legacy-code-todo-rewrite/jestAdapterInit.js:170:21)\n    at jestAdapter (/home/kavia/workspace/code-generation/smart-gym-management--fitness-tracker-21010-21052/WebFrontend/node_modules/jest-circus/build/legacy-code-todo-rewrite/jestAdapter.js:82:19)\n    at runTestInternal (/home/kavia/workspace/code-generation/smart-gym-management--fitness-tracker-21010-21052/WebFrontend/node_modules/jest-runner/build/runTest.js:389:16)\n    at runTest (/home/kavia/workspace/code-generation/smart-gym-management--fitness-tracker-21010-21052/WebFrontend/node_modules/jest-runner/build/runTest.js:475:34)\n    at Object.worker (/home/kavia/workspace/code-generation/smart-gym-management--fitness-tracker-21010-21052/WebFrontend/node_modules/jest-runner/build/testWorker.js:133:12)"],"fullName":"ProtectedRoute allows authenticated user to access protected page","location":null,"status":"failed","title":"allows authenticated user to access protected page"},{"ancestorTitles":["ProtectedRoute"],"failureMessages":["Error: Unable to find an element by: [data-testid=\"trainer-panel-heading\"]\n\nIgnored nodes: comments, script, style\n\u001b[36m<body>\u001b[39m\n  \u001b[36m<div>\u001b[39m\n    \u001b[36m<h1\u001b[39m\n      \u001b[33mdata-testid\u001b[39m=\u001b[32m\"home-title\"\u001b[39m\n    \u001b[36m>\u001b[39m\n      \u001b[0mSmart Gym\u001b[0m\n    \u001b[36m</h1>\u001b[39m\n  \u001b[36m</div>\u001b[39m\n\u001b[36m</body>\u001b[39m\n    at waitForWrapper (/home/kavia/workspace/code-generation/smart-gym-management--fitness-tracker-21010-21052/WebFrontend/node_modules/@testing-library/dom/dist/wait-for.js:163:27)\n    at findByTestId (/home/kavia/workspace/code-generation/smart-gym-management--fitness-tracker-21010-21052/WebFrontend/node_modules/@testing-library/dom/dist/query-helpers.js:86:33)\n    at Object.<anonymous> (/home/kavia/workspace/code-generation/smart-gym-management--fitness-tracker-21010-21052/WebFrontend/src/__tests__/protected_route_and_trainer_access.test.js:115:25)\n    at runNextTicks (node:internal/process/task_queues:60:5)\n    at listOnTimeout (node:internal/timers:538:9)\n    at processTimers (node:internal/timers:512:7)"],"fullName":"ProtectedRoute trainer-only route denies member and allows trainer","location":null,"status":"failed","title":"trainer-only route denies member and allows trainer"}],"endTime":1760986916400,"message":"  ● ProtectedRoute › allows authenticated user to access protected page\n\n    Unable to find an element with the text: /Private Area/i. This could be because the text is broken up by multiple elements. In this case, you can provide a function for your text matcher to make your matcher more flexible.\n\n    Ignored nodes: comments, script, style\n    \u001b[36m<body>\u001b[39m\n      \u001b[36m<div>\u001b[39m\n        \u001b[36m<h2\u001b[39m\n          \u001b[33mdata-testid\u001b[39m=\u001b[32m\"login-heading\"\u001b[39m\n        \u001b[36m>\u001b[39m\n          \u001b[0mLogin\u001b[0m\n        \u001b[36m</h2>\u001b[39m\n      \u001b[36m</div>\u001b[39m\n    \u001b[36m</body>\u001b[39m\n\n    \u001b[0m \u001b[90m 65 |\u001b[39m     )\u001b[33m;\u001b[39m\n     \u001b[90m 66 |\u001b[39m\n    \u001b[31m\u001b[1m>\u001b[22m\u001b[39m\u001b[90m 67 |\u001b[39m     expect(\u001b[36mawait\u001b[39m screen\u001b[33m.\u001b[39mfindByText(\u001b[35m/Private Area/i\u001b[39m))\u001b[33m.\u001b[39mtoBeInTheDocument()\u001b[33m;\u001b[39m\n     \u001b[90m    |\u001b[39m                         \u001b[31m\u001b[1m^\u001b[22m\u001b[39m\n     \u001b[90m 68 |\u001b[39m   })\u001b[33m;\u001b[39m\n     \u001b[90m 69 |\u001b[39m\n     \u001b[90m 70 |\u001b[39m   test(\u001b[32m'trainer-only route denies member and allows trainer'\u001b[39m\u001b[33m,\u001b[39m \u001b[36masync\u001b[39m () \u001b[33m=>\u001b[39m {\u001b[0m\n\n      at waitForWrapper (node_modules/@testing-library/dom/dist/wait-for.js:163:27)\n      at findByText (node_modules/@testing-library/dom/dist/query-helpers.js:86:33)\n      at Object.<anonymous> (src/__tests__/protected_route_and_trainer_access.test.js:67:25)\n\n  ● ProtectedRoute › trainer-only route denies member and allows trainer\n\n    Unable to find an element by: [data-testid=\"trainer-panel-heading\"]\n\n    Ignored nodes: comments, script, style\n    \u001b[36m<body>\u001b[39m\n      \u001b[36m<div>\u001b[39m\n        \u001b[36m<h1\u001b[39m\n          \u001b[33mdata-testid\u001b[39m=\u001b[32m\"home-title\"\u001b[39m\n        \u001b[36m>\u001b[39m\n          \u001b[0mSmart Gym\u001b[0m\n        \u001b[36m</h1>\u001b[39m\n      \u001b[36m</div>\u001b[39m\n    \u001b[36m</body>\u001b[39m\n\n    \u001b[0m \u001b[90m 113 |\u001b[39m     )\u001b[33m;\u001b[39m\n     \u001b[90m 114 |\u001b[39m\n    \u001b[31m\u001b[1m>\u001b[22m\u001b[39m\u001b[90m 115 |\u001b[39m     expect(\u001b[36mawait\u001b[39m screen\u001b[33m.\u001b[39mfindByTestId(\u001b[32m'trainer-panel-heading'\u001b[39m))\u001b[33m.\u001b[39mtoBeInTheDocument()\u001b[33m;\u001b[39m\n     \u001b[90m     |\u001b[39m                         \u001b[31m\u001b[1m^\u001b[22m\u001b[39m\n     \u001b[90m 116 |\u001b[39m   })\u001b[33m;\u001b[39m\n     \u001b[90m 117 |\u001b[39m })\u001b[33m;\u001b[39m\n     \u001b[90m 118 |\u001b[39m\u001b[0m\n\n      at waitForWrapper (node_modules/@testing-library/dom/dist/wait-for.js:163:27)\n      at findByTestId (node_modules/@testing-library/dom/dist/query-helpers.js:86:33)\n      at Object.<anonymous> (src/__tests__/protected_route_and_trainer_access.test.js:115:25)\n","name":"/home/kavia/workspace/code-generation/smart-gym-management--fitness-tracker-21010-21052/WebFrontend/src/__tests__/protected_route_and_trainer_access.test.js","startTime":1760986913311,"status":"failed","summary":""}],"wasInterrupted":false}